<?xml version="1.0" encoding="UTF-8"?>
<!-- Generated by org.testng.reporters.JUnitReportReporter -->
<testsuite hostname="SAM" failures="0" tests="1" name="com.facebook.app.Test.LoginTest" time="26.234" errors="0" timestamp="2025-06-01T21:44:55 IST" skipped="0">
  <testcase classname="com.facebook.app.Test.LoginTest" name="testValidLogin" time="26.234"/>
  <system-out/>
</testsuite> <!-- com.facebook.app.Test.LoginTest -->
