<?xml version="1.0" encoding="UTF-8"?>
<!-- Generated by org.testng.reporters.JUnitReportReporter -->
<testsuite hostname="SAM" failures="0" tests="5" name="com.herokuapp.api.BookingTest" time="10.405" errors="0" timestamp="2025-05-27T12:18:40 IST" skipped="0">
  <testcase classname="com.herokuapp.api.BookingTest" name="createBooking" time="6.046"/>
  <system-out/>
  <testcase classname="com.herokuapp.api.BookingTest" name="getBooking" time="1.245"/>
  <system-out/>
  <testcase classname="com.herokuapp.api.BookingTest" name="updateBooking" time="1.056"/>
  <system-out/>
  <testcase classname="com.herokuapp.api.BookingTest" name="partialUpdateBooking" time="0.979"/>
  <system-out/>
  <testcase classname="com.herokuapp.api.BookingTest" name="deleteBooking" time="1.079"/>
  <system-out/>
</testsuite> <!-- com.herokuapp.api.BookingTest -->
